{"/home/aosadev/Documentos/NodeProjects/RedisTaskFlow/src/config/redis.js": {"path":"/home/aosadev/Documentos/NodeProjects/RedisTaskFlow/src/config/redis.js","statementMap":{"0":{"start":{"line":2,"column":0},"end":{"line":2,"column":27}},"1":{"start":{"line":6,"column":0},"end":{"line":14,"column":1}},"2":{"start":{"line":8,"column":20},"end":{"line":8,"column":60}},"3":{"start":{"line":9,"column":2},"end":{"line":9,"column":36}},"4":{"start":{"line":12,"column":27},"end":{"line":12,"column":43}},"5":{"start":{"line":13,"column":2},"end":{"line":13,"column":56}},"6":{"start":{"line":16,"column":0},"end":{"line":18,"column":3}},"7":{"start":{"line":17,"column":22},"end":{"line":17,"column":101}},"8":{"start":{"line":20,"column":21},"end":{"line":28,"column":1}},"9":{"start":{"line":21,"column":2},"end":{"line":27,"column":3}},"10":{"start":{"line":22,"column":4},"end":{"line":22,"column":27}},"11":{"start":{"line":23,"column":24},"end":{"line":23,"column":93}},"12":{"start":{"line":25,"column":24},"end":{"line":25,"column":112}},"13":{"start":{"line":26,"column":4},"end":{"line":26,"column":20}},"14":{"start":{"line":30,"column":0},"end":{"line":33,"column":2}},"15":{"start":{"line":40,"column":85},"end":{"line":40,"column":39894}},"16":{"start":{"line":40,"column":89},"end":{"line":40,"column":39883}}},"fnMap":{"0":{"name":"(anonymous_0)","decl":{"start":{"line":16,"column":19},"end":{"line":16,"column":20}},"loc":{"start":{"line":16,"column":28},"end":{"line":18,"column":1}},"line":16},"1":{"name":"(anonymous_1)","decl":{"start":{"line":20,"column":21},"end":{"line":20,"column":22}},"loc":{"start":{"line":20,"column":33},"end":{"line":28,"column":1}},"line":20},"2":{"name":"oo_cm","decl":{"start":{"line":40,"column":77},"end":{"line":40,"column":82}},"loc":{"start":{"line":40,"column":84},"end":{"line":40,"column":39895}},"line":40}},"branchMap":{"0":{"loc":{"start":{"line":6,"column":0},"end":{"line":14,"column":1}},"type":"if","locations":[{"start":{"line":6,"column":0},"end":{"line":14,"column":1}},{"start":{"line":10,"column":7},"end":{"line":14,"column":1}}],"line":6},"1":{"loc":{"start":{"line":40,"column":96},"end":{"line":40,"column":39882}},"type":"binary-expr","locations":[{"start":{"line":40,"column":96},"end":{"line":40,"column":133}},{"start":{"line":40,"column":137},"end":{"line":40,"column":39882}}],"line":40}},"s":{"0":1,"1":1,"2":1,"3":1,"4":0,"5":0,"6":1,"7":0,"8":1,"9":0,"10":0,"11":0,"12":0,"13":0,"14":1,"15":0,"16":0},"f":{"0":0,"1":0,"2":0},"b":{"0":[1,0],"1":[0,0]},"_coverageSchema":"1a1c01bbd47fc00a2c39e90264f33305004495a9","hash":"2244c022b0571d1e80f4ed685ed807c982c73ba4"}
,"/home/aosadev/Documentos/NodeProjects/RedisTaskFlow/src/controllers/userController.js": {"path":"/home/aosadev/Documentos/NodeProjects/RedisTaskFlow/src/controllers/userController.js","statementMap":{"0":{"start":{"line":8,"column":15},"end":{"line":8,"column":32}},"1":{"start":{"line":9,"column":19},"end":{"line":9,"column":45}},"2":{"start":{"line":16,"column":21},"end":{"line":57,"column":1}},"3":{"start":{"line":17,"column":2},"end":{"line":56,"column":3}},"4":{"start":{"line":18,"column":38},"end":{"line":18,"column":46}},"5":{"start":{"line":20,"column":4},"end":{"line":22,"column":5}},"6":{"start":{"line":21,"column":6},"end":{"line":21,"column":75}},"7":{"start":{"line":25,"column":27},"end":{"line":25,"column":67}},"8":{"start":{"line":26,"column":4},"end":{"line":28,"column":5}},"9":{"start":{"line":27,"column":6},"end":{"line":27,"column":74}},"10":{"start":{"line":31,"column":22},"end":{"line":31,"column":56}},"11":{"start":{"line":34,"column":17},"end":{"line":34,"column":41}},"12":{"start":{"line":35,"column":27},"end":{"line":35,"column":60}},"13":{"start":{"line":38,"column":4},"end":{"line":43,"column":7}},"14":{"start":{"line":46,"column":4},"end":{"line":46,"column":67}},"15":{"start":{"line":48,"column":4},"end":{"line":53,"column":7}},"16":{"start":{"line":55,"column":4},"end":{"line":55,"column":75}},"17":{"start":{"line":64,"column":20},"end":{"line":78,"column":1}},"18":{"start":{"line":65,"column":2},"end":{"line":77,"column":3}},"19":{"start":{"line":66,"column":19},"end":{"line":66,"column":29}},"20":{"start":{"line":67,"column":21},"end":{"line":67,"column":55}},"21":{"start":{"line":68,"column":4},"end":{"line":70,"column":5}},"22":{"start":{"line":69,"column":6},"end":{"line":69,"column":72}},"23":{"start":{"line":73,"column":45},"end":{"line":73,"column":53}},"24":{"start":{"line":74,"column":4},"end":{"line":74,"column":37}},"25":{"start":{"line":76,"column":4},"end":{"line":76,"column":73}},"26":{"start":{"line":80,"column":0},"end":{"line":83,"column":2}}},"fnMap":{"0":{"name":"(anonymous_0)","decl":{"start":{"line":16,"column":21},"end":{"line":16,"column":22}},"loc":{"start":{"line":16,"column":41},"end":{"line":57,"column":1}},"line":16},"1":{"name":"(anonymous_1)","decl":{"start":{"line":64,"column":20},"end":{"line":64,"column":21}},"loc":{"start":{"line":64,"column":40},"end":{"line":78,"column":1}},"line":64}},"branchMap":{"0":{"loc":{"start":{"line":20,"column":4},"end":{"line":22,"column":5}},"type":"if","locations":[{"start":{"line":20,"column":4},"end":{"line":22,"column":5}},{"start":{},"end":{}}],"line":20},"1":{"loc":{"start":{"line":20,"column":8},"end":{"line":20,"column":36}},"type":"binary-expr","locations":[{"start":{"line":20,"column":8},"end":{"line":20,"column":13}},{"start":{"line":20,"column":17},"end":{"line":20,"column":23}},{"start":{"line":20,"column":27},"end":{"line":20,"column":36}}],"line":20},"2":{"loc":{"start":{"line":26,"column":4},"end":{"line":28,"column":5}},"type":"if","locations":[{"start":{"line":26,"column":4},"end":{"line":28,"column":5}},{"start":{},"end":{}}],"line":26},"3":{"loc":{"start":{"line":68,"column":4},"end":{"line":70,"column":5}},"type":"if","locations":[{"start":{"line":68,"column":4},"end":{"line":70,"column":5}},{"start":{},"end":{}}],"line":68},"4":{"loc":{"start":{"line":68,"column":8},"end":{"line":68,"column":33}},"type":"binary-expr","locations":[{"start":{"line":68,"column":8},"end":{"line":68,"column":17}},{"start":{"line":68,"column":21},"end":{"line":68,"column":33}}],"line":68}},"s":{"0":1,"1":1,"2":1,"3":3,"4":3,"5":3,"6":0,"7":3,"8":3,"9":1,"10":2,"11":2,"12":2,"13":2,"14":2,"15":2,"16":0,"17":1,"18":2,"19":2,"20":2,"21":2,"22":1,"23":1,"24":1,"25":0,"26":1},"f":{"0":3,"1":2},"b":{"0":[0,3],"1":[3,3,3],"2":[1,2],"3":[1,1],"4":[2,2]},"_coverageSchema":"1a1c01bbd47fc00a2c39e90264f33305004495a9","hash":"f94fbd082dd46d2b3f574938f3f778af5c25a462"}
,"/home/aosadev/Documentos/NodeProjects/RedisTaskFlow/src/routes/userRoutes.js": {"path":"/home/aosadev/Documentos/NodeProjects/RedisTaskFlow/src/routes/userRoutes.js","statementMap":{"0":{"start":{"line":1,"column":16},"end":{"line":1,"column":34}},"1":{"start":{"line":2,"column":15},"end":{"line":2,"column":31}},"2":{"start":{"line":6,"column":4},"end":{"line":6,"column":44}},"3":{"start":{"line":16,"column":0},"end":{"line":16,"column":39}},"4":{"start":{"line":19,"column":0},"end":{"line":19,"column":32}},"5":{"start":{"line":21,"column":0},"end":{"line":21,"column":24}}},"fnMap":{},"branchMap":{},"s":{"0":1,"1":1,"2":1,"3":1,"4":1,"5":1},"f":{},"b":{},"_coverageSchema":"1a1c01bbd47fc00a2c39e90264f33305004495a9","hash":"fb23a0225bd9d2e4920b62b3d4be5a08394adb9c"}
,"/home/aosadev/Documentos/NodeProjects/RedisTaskFlow/tests/config/redis.mock.js": {"path":"/home/aosadev/Documentos/NodeProjects/RedisTaskFlow/tests/config/redis.mock.js","statementMap":{"0":{"start":{"line":1,"column":17},"end":{"line":1,"column":29}},"1":{"start":{"line":3,"column":0},"end":{"line":38,"column":2}},"2":{"start":{"line":4,"column":23},"end":{"line":37,"column":3}},"3":{"start":{"line":5,"column":27},"end":{"line":5,"column":44}},"4":{"start":{"line":7,"column":26},"end":{"line":7,"column":69}},"5":{"start":{"line":9,"column":6},"end":{"line":9,"column":33}},"6":{"start":{"line":10,"column":6},"end":{"line":10,"column":31}},"7":{"start":{"line":13,"column":16},"end":{"line":13,"column":62}},"8":{"start":{"line":14,"column":6},"end":{"line":14,"column":12}},"9":{"start":{"line":15,"column":6},"end":{"line":15,"column":49}},"10":{"start":{"line":16,"column":6},"end":{"line":16,"column":34}},"11":{"start":{"line":19,"column":6},"end":{"line":19,"column":68}},"12":{"start":{"line":19,"column":31},"end":{"line":19,"column":68}},"13":{"start":{"line":20,"column":19},"end":{"line":20,"column":51}},"14":{"start":{"line":21,"column":6},"end":{"line":23,"column":7}},"15":{"start":{"line":22,"column":8},"end":{"line":22,"column":28}},"16":{"start":{"line":24,"column":6},"end":{"line":24,"column":40}},"17":{"start":{"line":25,"column":6},"end":{"line":25,"column":31}},"18":{"start":{"line":28,"column":6},"end":{"line":30,"column":7}},"19":{"start":{"line":29,"column":8},"end":{"line":29,"column":59}},"20":{"start":{"line":31,"column":6},"end":{"line":31,"column":33}},"21":{"start":{"line":34,"column":6},"end":{"line":34,"column":32}},"22":{"start":{"line":35,"column":6},"end":{"line":35,"column":31}}},"fnMap":{"0":{"name":"(anonymous_0)","decl":{"start":{"line":4,"column":16},"end":{"line":4,"column":17}},"loc":{"start":{"line":4,"column":23},"end":{"line":37,"column":3}},"line":4},"1":{"name":"(anonymous_1)","decl":{"start":{"line":5,"column":21},"end":{"line":5,"column":22}},"loc":{"start":{"line":5,"column":27},"end":{"line":5,"column":44}},"line":5},"2":{"name":"(anonymous_2)","decl":{"start":{"line":7,"column":17},"end":{"line":7,"column":18}},"loc":{"start":{"line":7,"column":26},"end":{"line":7,"column":69}},"line":7},"3":{"name":"(anonymous_3)","decl":{"start":{"line":8,"column":17},"end":{"line":8,"column":18}},"loc":{"start":{"line":8,"column":33},"end":{"line":11,"column":5}},"line":8},"4":{"name":"(anonymous_4)","decl":{"start":{"line":12,"column":18},"end":{"line":12,"column":19}},"loc":{"start":{"line":12,"column":34},"end":{"line":17,"column":5}},"line":12},"5":{"name":"(anonymous_5)","decl":{"start":{"line":18,"column":18},"end":{"line":18,"column":19}},"loc":{"start":{"line":18,"column":33},"end":{"line":26,"column":5}},"line":18},"6":{"name":"(anonymous_6)","decl":{"start":{"line":27,"column":21},"end":{"line":27,"column":22}},"loc":{"start":{"line":27,"column":30},"end":{"line":32,"column":5}},"line":27},"7":{"name":"(anonymous_7)","decl":{"start":{"line":33,"column":17},"end":{"line":33,"column":18}},"loc":{"start":{"line":33,"column":26},"end":{"line":36,"column":5}},"line":33}},"branchMap":{"0":{"loc":{"start":{"line":7,"column":42},"end":{"line":7,"column":68}},"type":"binary-expr","locations":[{"start":{"line":7,"column":42},"end":{"line":7,"column":60}},{"start":{"line":7,"column":64},"end":{"line":7,"column":68}}],"line":7},"1":{"loc":{"start":{"line":13,"column":25},"end":{"line":13,"column":57}},"type":"binary-expr","locations":[{"start":{"line":13,"column":25},"end":{"line":13,"column":50}},{"start":{"line":13,"column":54},"end":{"line":13,"column":57}}],"line":13},"2":{"loc":{"start":{"line":19,"column":6},"end":{"line":19,"column":68}},"type":"if","locations":[{"start":{"line":19,"column":6},"end":{"line":19,"column":68}},{"start":{},"end":{}}],"line":19},"3":{"loc":{"start":{"line":20,"column":19},"end":{"line":20,"column":51}},"type":"binary-expr","locations":[{"start":{"line":20,"column":19},"end":{"line":20,"column":45}},{"start":{"line":20,"column":49},"end":{"line":20,"column":51}}],"line":20},"4":{"loc":{"start":{"line":28,"column":6},"end":{"line":30,"column":7}},"type":"if","locations":[{"start":{"line":28,"column":6},"end":{"line":30,"column":7}},{"start":{},"end":{}}],"line":28},"5":{"loc":{"start":{"line":28,"column":10},"end":{"line":28,"column":58}},"type":"binary-expr","locations":[{"start":{"line":28,"column":10},"end":{"line":28,"column":28}},{"start":{"line":28,"column":32},"end":{"line":28,"column":58}}],"line":28}},"s":{"0":1,"1":1,"2":1,"3":0,"4":3,"5":2,"6":2,"7":2,"8":2,"9":2,"10":2,"11":2,"12":2,"13":2,"14":2,"15":8,"16":2,"17":2,"18":2,"19":1,"20":1,"21":0,"22":0},"f":{"0":1,"1":0,"2":3,"3":2,"4":2,"5":2,"6":2,"7":0},"b":{"0":[3,2],"1":[2,1],"2":[2,0],"3":[2,0],"4":[1,1],"5":[2,1]},"_coverageSchema":"1a1c01bbd47fc00a2c39e90264f33305004495a9","hash":"5cc438682575da335c8727463e8f3a6525dfb8b1"}
}
