TN:
SF:src/config/redis.js
FN:16,(anonymous_0)
FN:20,(anonymous_1)
FN:40,oo_cm
FNF:3
FNH:0
FNDA:0,(anonymous_0)
FNDA:0,(anonymous_1)
FNDA:0,oo_cm
DA:2,1
DA:6,1
DA:8,1
DA:9,1
DA:12,0
DA:13,0
DA:16,1
DA:17,0
DA:20,1
DA:21,0
DA:22,0
DA:23,0
DA:25,0
DA:26,0
DA:30,1
DA:40,0
LF:16
LH:7
BRDA:6,0,0,1
BRDA:6,0,1,0
BRDA:40,1,0,0
BRDA:40,1,1,0
BRF:4
BRH:1
end_of_record
TN:
SF:src/controllers/userController.js
FN:16,(anonymous_0)
FN:64,(anonymous_1)
FNF:2
FNH:2
FNDA:3,(anonymous_0)
FNDA:2,(anonymous_1)
DA:8,1
DA:9,1
DA:16,1
DA:17,3
DA:18,3
DA:20,3
DA:21,0
DA:25,3
DA:26,3
DA:27,1
DA:31,2
DA:34,2
DA:35,2
DA:38,2
DA:46,2
DA:48,2
DA:55,0
DA:64,1
DA:65,2
DA:66,2
DA:67,2
DA:68,2
DA:69,1
DA:73,1
DA:74,1
DA:76,0
DA:80,1
LF:27
LH:24
BRDA:20,0,0,0
BRDA:20,0,1,3
BRDA:20,1,0,3
BRDA:20,1,1,3
BRDA:20,1,2,3
BRDA:26,2,0,1
BRDA:26,2,1,2
BRDA:68,3,0,1
BRDA:68,3,1,1
BRDA:68,4,0,2
BRDA:68,4,1,2
BRF:11
BRH:10
end_of_record
TN:
SF:src/routes/userRoutes.js
FNF:0
FNH:0
DA:1,1
DA:2,1
DA:6,1
DA:16,1
DA:19,1
DA:21,1
LF:6
LH:6
BRF:0
BRH:0
end_of_record
TN:
SF:tests/config/redis.mock.js
FN:4,(anonymous_0)
FN:5,(anonymous_1)
FN:7,(anonymous_2)
FN:8,(anonymous_3)
FN:12,(anonymous_4)
FN:18,(anonymous_5)
FN:27,(anonymous_6)
FN:33,(anonymous_7)
FNF:8
FNH:6
FNDA:1,(anonymous_0)
FNDA:0,(anonymous_1)
FNDA:3,(anonymous_2)
FNDA:2,(anonymous_3)
FNDA:2,(anonymous_4)
FNDA:2,(anonymous_5)
FNDA:2,(anonymous_6)
FNDA:0,(anonymous_7)
DA:1,1
DA:3,1
DA:4,1
DA:5,0
DA:7,3
DA:9,2
DA:10,2
DA:13,2
DA:14,2
DA:15,2
DA:16,2
DA:19,2
DA:20,2
DA:21,2
DA:22,8
DA:24,2
DA:25,2
DA:28,2
DA:29,1
DA:31,1
DA:34,0
DA:35,0
LF:22
LH:19
BRDA:7,0,0,3
BRDA:7,0,1,2
BRDA:13,1,0,2
BRDA:13,1,1,1
BRDA:19,2,0,2
BRDA:19,2,1,0
BRDA:20,3,0,2
BRDA:20,3,1,0
BRDA:28,4,0,1
BRDA:28,4,1,1
BRDA:28,5,0,2
BRDA:28,5,1,1
BRF:12
BRH:10
end_of_record
